-------------------------------------------------------------------------------
Test set: org.zoo.test.ElementaryTest
-------------------------------------------------------------------------------
Tests run: 1, Failures: 0, Errors: 1, Skipped: 0, Time elapsed: 389.147 sec <<< FAILURE!
simpleCall(org.zoo.test.ElementaryTest)  Time elapsed: 0.196 sec  <<< ERROR!
com.sun.enterprise.security.auth.login.common.LoginException: Login failed: Failed file login for zoocopadmin.
	at com.sun.enterprise.security.auth.login.LoginContextDriver.doPasswordLogin(LoginContextDriver.java:394)
	at com.sun.enterprise.security.auth.login.LoginContextDriver.login(LoginContextDriver.java:240)
	at com.sun.enterprise.security.auth.login.LoginContextDriver.login(LoginContextDriver.java:153)
	at com.sun.appserv.security.ProgrammaticLogin$1.run(ProgrammaticLogin.java:174)
	at java.security.AccessController.doPrivileged(Native Method)
	at com.sun.appserv.security.ProgrammaticLogin.login(ProgrammaticLogin.java:168)
	at com.sun.appserv.security.ProgrammaticLogin.login(ProgrammaticLogin.java:128)
	at org.zoo.test.ElementaryTest.simpleCall(ElementaryTest.java:44)
	at sun.reflect.NativeMethodAccessorImpl.invoke0(Native Method)
	at sun.reflect.NativeMethodAccessorImpl.invoke(NativeMethodAccessorImpl.java:57)
	at sun.reflect.DelegatingMethodAccessorImpl.invoke(DelegatingMethodAccessorImpl.java:43)
	at java.lang.reflect.Method.invoke(Method.java:606)
	at org.junit.runners.model.FrameworkMethod$1.runReflectiveCall(FrameworkMethod.java:47)
	at org.junit.internal.runners.model.ReflectiveCallable.run(ReflectiveCallable.java:12)
	at org.junit.runners.model.FrameworkMethod.invokeExplosively(FrameworkMethod.java:44)
	at org.junit.internal.runners.statements.InvokeMethod.evaluate(InvokeMethod.java:17)
	at org.junit.runners.ParentRunner.runLeaf(ParentRunner.java:271)
	at org.junit.runners.BlockJUnit4ClassRunner.runChild(BlockJUnit4ClassRunner.java:70)
	at org.junit.runners.BlockJUnit4ClassRunner.runChild(BlockJUnit4ClassRunner.java:50)
	at org.junit.runners.ParentRunner$3.run(ParentRunner.java:238)
	at org.junit.runners.ParentRunner$1.schedule(ParentRunner.java:63)
	at org.junit.runners.ParentRunner.runChildren(ParentRunner.java:236)
	at org.junit.runners.ParentRunner.access$000(ParentRunner.java:53)
	at org.junit.runners.ParentRunner$2.evaluate(ParentRunner.java:229)
	at org.junit.internal.runners.statements.RunBefores.evaluate(RunBefores.java:26)
	at org.junit.internal.runners.statements.RunAfters.evaluate(RunAfters.java:27)
	at org.junit.runners.ParentRunner.run(ParentRunner.java:309)
	at org.apache.maven.surefire.junit4.JUnit4TestSet.execute(JUnit4TestSet.java:53)
	at org.apache.maven.surefire.junit4.JUnit4Provider.executeTestSet(JUnit4Provider.java:123)
	at org.apache.maven.surefire.junit4.JUnit4Provider.invoke(JUnit4Provider.java:104)
	at sun.reflect.NativeMethodAccessorImpl.invoke0(Native Method)
	at sun.reflect.NativeMethodAccessorImpl.invoke(NativeMethodAccessorImpl.java:57)
	at sun.reflect.DelegatingMethodAccessorImpl.invoke(DelegatingMethodAccessorImpl.java:43)
	at java.lang.reflect.Method.invoke(Method.java:606)
	at org.apache.maven.surefire.util.ReflectionUtils.invokeMethodWithArray(ReflectionUtils.java:164)
	at org.apache.maven.surefire.booter.ProviderFactory$ProviderProxy.invoke(ProviderFactory.java:110)
	at org.apache.maven.surefire.booter.SurefireStarter.invokeProvider(SurefireStarter.java:175)
	at org.apache.maven.surefire.booter.SurefireStarter.runSuitesInProcessWhenForked(SurefireStarter.java:107)
	at org.apache.maven.surefire.booter.ForkedBooter.main(ForkedBooter.java:68)
Caused by: javax.security.auth.login.LoginException: Failed file login for zoocopadmin.
	at com.sun.enterprise.security.auth.login.FileLoginModule.authenticate(FileLoginModule.java:84)
	at com.sun.enterprise.security.auth.login.PasswordLoginModule.authenticateUser(PasswordLoginModule.java:117)
	at com.sun.appserv.security.AppservPasswordLoginModule.login(AppservPasswordLoginModule.java:148)
	at sun.reflect.NativeMethodAccessorImpl.invoke0(Native Method)
	at sun.reflect.NativeMethodAccessorImpl.invoke(NativeMethodAccessorImpl.java:57)
	at sun.reflect.DelegatingMethodAccessorImpl.invoke(DelegatingMethodAccessorImpl.java:43)
	at java.lang.reflect.Method.invoke(Method.java:606)
	at javax.security.auth.login.LoginContext.invoke(LoginContext.java:762)
	at javax.security.auth.login.LoginContext.access$000(LoginContext.java:203)
	at javax.security.auth.login.LoginContext$4.run(LoginContext.java:690)
	at javax.security.auth.login.LoginContext$4.run(LoginContext.java:688)
	at java.security.AccessController.doPrivileged(Native Method)
	at javax.security.auth.login.LoginContext.invokePriv(LoginContext.java:687)
	at javax.security.auth.login.LoginContext.login(LoginContext.java:595)
	at com.sun.enterprise.security.auth.login.LoginContextDriver.doPasswordLogin(LoginContextDriver.java:382)
	... 38 more
